2023-10-09 12:03:44,893 INFO Truncated prefix logs in data path: /home/nacos/data/protocol/raft/naming_instance_metadata/log from log index 2 to 2, cost 1 ms.

2023-10-09 12:05:07,445 INFO Truncated prefix logs in data path: /home/nacos/data/protocol/raft/naming_service_metadata/log from log index 2 to 2, cost 0 ms.

2023-10-09 12:17:03,597 INFO Truncated prefix logs in data path: /home/nacos/data/protocol/raft/naming_persistent_service_v2/log from log index 2 to 2, cost 1 ms.

2023-10-09 12:33:44,892 INFO Truncated prefix logs in data path: /home/nacos/data/protocol/raft/naming_instance_metadata/log from log index 2 to 2, cost 0 ms.

2023-10-09 12:35:07,443 INFO Truncated prefix logs in data path: /home/nacos/data/protocol/raft/naming_service_metadata/log from log index 2 to 2, cost 0 ms.

2023-10-09 12:47:03,596 INFO Truncated prefix logs in data path: /home/nacos/data/protocol/raft/naming_persistent_service_v2/log from log index 2 to 2, cost 0 ms.

2023-10-09 13:03:44,896 INFO Truncated prefix logs in data path: /home/nacos/data/protocol/raft/naming_instance_metadata/log from log index 2 to 2, cost 0 ms.

2023-10-09 13:05:07,446 INFO Truncated prefix logs in data path: /home/nacos/data/protocol/raft/naming_service_metadata/log from log index 2 to 2, cost 0 ms.

2023-10-09 13:17:03,599 INFO Truncated prefix logs in data path: /home/nacos/data/protocol/raft/naming_persistent_service_v2/log from log index 2 to 2, cost 1 ms.

2023-10-09 13:33:44,896 INFO Truncated prefix logs in data path: /home/nacos/data/protocol/raft/naming_instance_metadata/log from log index 2 to 2, cost 0 ms.

2023-10-09 13:35:07,447 INFO Truncated prefix logs in data path: /home/nacos/data/protocol/raft/naming_service_metadata/log from log index 2 to 2, cost 1 ms.

2023-10-09 13:47:03,597 INFO Truncated prefix logs in data path: /home/nacos/data/protocol/raft/naming_persistent_service_v2/log from log index 2 to 2, cost 0 ms.

2023-10-09 14:03:44,899 INFO Truncated prefix logs in data path: /home/nacos/data/protocol/raft/naming_instance_metadata/log from log index 2 to 2, cost 0 ms.

2023-10-09 14:05:07,453 INFO Truncated prefix logs in data path: /home/nacos/data/protocol/raft/naming_service_metadata/log from log index 2 to 2, cost 0 ms.

2023-10-09 14:17:03,597 INFO Truncated prefix logs in data path: /home/nacos/data/protocol/raft/naming_persistent_service_v2/log from log index 2 to 2, cost 0 ms.

2023-10-09 14:33:44,903 INFO Truncated prefix logs in data path: /home/nacos/data/protocol/raft/naming_instance_metadata/log from log index 2 to 2, cost 1 ms.

2023-10-09 14:35:07,449 INFO Truncated prefix logs in data path: /home/nacos/data/protocol/raft/naming_service_metadata/log from log index 2 to 2, cost 1 ms.

2023-10-09 14:47:03,602 INFO Truncated prefix logs in data path: /home/nacos/data/protocol/raft/naming_persistent_service_v2/log from log index 2 to 2, cost 0 ms.

2023-10-09 15:03:44,902 INFO Truncated prefix logs in data path: /home/nacos/data/protocol/raft/naming_instance_metadata/log from log index 2 to 2, cost 1 ms.

2023-10-09 15:05:07,454 INFO Truncated prefix logs in data path: /home/nacos/data/protocol/raft/naming_service_metadata/log from log index 2 to 2, cost 1 ms.

2023-10-09 15:17:03,604 INFO Truncated prefix logs in data path: /home/nacos/data/protocol/raft/naming_persistent_service_v2/log from log index 2 to 2, cost 0 ms.

2023-10-09 15:33:44,911 INFO Truncated prefix logs in data path: /home/nacos/data/protocol/raft/naming_instance_metadata/log from log index 2 to 2, cost 0 ms.

2023-10-09 15:35:07,451 INFO Truncated prefix logs in data path: /home/nacos/data/protocol/raft/naming_service_metadata/log from log index 2 to 2, cost 0 ms.

2023-10-09 15:47:03,605 INFO Truncated prefix logs in data path: /home/nacos/data/protocol/raft/naming_persistent_service_v2/log from log index 2 to 2, cost 0 ms.

2023-10-09 16:03:44,910 INFO Truncated prefix logs in data path: /home/nacos/data/protocol/raft/naming_instance_metadata/log from log index 2 to 2, cost 0 ms.

2023-10-09 16:05:07,459 INFO Truncated prefix logs in data path: /home/nacos/data/protocol/raft/naming_service_metadata/log from log index 2 to 2, cost 0 ms.

2023-10-09 16:17:03,604 INFO Truncated prefix logs in data path: /home/nacos/data/protocol/raft/naming_persistent_service_v2/log from log index 2 to 2, cost 0 ms.

2023-10-09 16:33:44,911 INFO Truncated prefix logs in data path: /home/nacos/data/protocol/raft/naming_instance_metadata/log from log index 2 to 2, cost 0 ms.

2023-10-09 16:35:07,455 INFO Truncated prefix logs in data path: /home/nacos/data/protocol/raft/naming_service_metadata/log from log index 2 to 2, cost 1 ms.

2023-10-09 16:47:03,612 INFO Truncated prefix logs in data path: /home/nacos/data/protocol/raft/naming_persistent_service_v2/log from log index 2 to 2, cost 1 ms.

2023-10-09 17:03:44,906 INFO Truncated prefix logs in data path: /home/nacos/data/protocol/raft/naming_instance_metadata/log from log index 2 to 2, cost 0 ms.

2023-10-09 17:05:07,458 INFO Truncated prefix logs in data path: /home/nacos/data/protocol/raft/naming_service_metadata/log from log index 2 to 2, cost 0 ms.

2023-10-09 17:17:03,607 INFO Truncated prefix logs in data path: /home/nacos/data/protocol/raft/naming_persistent_service_v2/log from log index 2 to 2, cost 0 ms.

2023-10-09 17:33:44,907 INFO Truncated prefix logs in data path: /home/nacos/data/protocol/raft/naming_instance_metadata/log from log index 2 to 2, cost 0 ms.

2023-10-09 17:35:07,460 INFO Truncated prefix logs in data path: /home/nacos/data/protocol/raft/naming_service_metadata/log from log index 2 to 2, cost 0 ms.

2023-10-09 17:47:03,607 INFO Truncated prefix logs in data path: /home/nacos/data/protocol/raft/naming_persistent_service_v2/log from log index 2 to 2, cost 0 ms.

2023-10-09 18:03:44,914 INFO Truncated prefix logs in data path: /home/nacos/data/protocol/raft/naming_instance_metadata/log from log index 2 to 2, cost 1 ms.

2023-10-09 18:05:07,457 INFO Truncated prefix logs in data path: /home/nacos/data/protocol/raft/naming_service_metadata/log from log index 2 to 2, cost 0 ms.

2023-10-09 18:17:03,614 INFO Truncated prefix logs in data path: /home/nacos/data/protocol/raft/naming_persistent_service_v2/log from log index 2 to 2, cost 0 ms.

2023-10-09 18:33:44,911 INFO Truncated prefix logs in data path: /home/nacos/data/protocol/raft/naming_instance_metadata/log from log index 2 to 2, cost 0 ms.

2023-10-09 18:35:07,455 INFO Truncated prefix logs in data path: /home/nacos/data/protocol/raft/naming_service_metadata/log from log index 2 to 2, cost 0 ms.

2023-10-09 18:40:04,676 INFO Node <naming_service_metadata/172.22.0.6:7848> shutdown, currTerm=1 state=STATE_LEADER.

2023-10-09 18:40:04,677 INFO Fail to find the next candidate.

2023-10-09 18:40:04,677 INFO onLeaderStop: status=Status[ESHUTDOWN<1007>: Raft node is going to quit.].

2023-10-09 18:40:04,691 INFO Save raft meta, path=/home/nacos/data/protocol/raft/naming_service_metadata/meta-data, term=1, votedFor=172.22.0.6:7848, cost time=1 ms

2023-10-09 18:40:04,691 INFO Shutting down FSMCaller...

2023-10-09 18:40:04,692 INFO onShutdown.

2023-10-09 18:40:04,692 INFO ThreadPool is terminated: JRaft-RPC-Processor, com.alipay.sofa.jraft.util.MetricThreadPoolExecutor@756f5322[Shutting down, pool size = 0, active threads = 0, queued tasks = 0, completed tasks = 0].

2023-10-09 18:40:04,693 INFO ThreadPool is terminated: JRaft-Node-ScheduleThreadPool, com.alipay.sofa.jraft.util.MetricScheduledThreadPoolExecutor@3357c808[Shutting down, pool size = 0, active threads = 0, queued tasks = 0, completed tasks = 0].

2023-10-09 18:40:04,693 INFO Destroy timer: RepeatedTimer{timeout=null, stopped=true, running=false, destroyed=true, invoking=false, timeoutMs=5000, name='JRaft-ElectionTimer-<naming_service_metadata/172.22.0.6:7848>'}.

2023-10-09 18:40:04,693 INFO Destroy timer: RepeatedTimer{timeout=null, stopped=true, running=false, destroyed=true, invoking=false, timeoutMs=5000, name='JRaft-VoteTimer-<naming_service_metadata/172.22.0.6:7848>'}.

2023-10-09 18:40:04,693 INFO Destroy timer: RepeatedTimer{timeout=null, stopped=true, running=false, destroyed=true, invoking=false, timeoutMs=2500, name='JRaft-StepDownTimer-<naming_service_metadata/172.22.0.6:7848>'}.

2023-10-09 18:40:04,693 INFO Destroy timer: RepeatedTimer{timeout=null, stopped=true, running=false, destroyed=true, invoking=false, timeoutMs=1800000, name='JRaft-SnapshotTimer-<naming_service_metadata/172.22.0.6:7848>'}.

2023-10-09 18:40:04,693 INFO The number of active nodes decrement to 2.

2023-10-09 18:40:04,694 INFO Node <naming_service_metadata/172.22.0.6:7848> shutdown, currTerm=1 state=STATE_SHUTTING.

2023-10-09 18:40:04,695 INFO Stop the RaftGroupService successfully.

2023-10-09 18:40:04,695 INFO Node <naming_instance_metadata/172.22.0.6:7848> shutdown, currTerm=1 state=STATE_LEADER.

2023-10-09 18:40:04,695 INFO Fail to find the next candidate.

2023-10-09 18:40:04,695 INFO onLeaderStop: status=Status[ESHUTDOWN<1007>: Raft node is going to quit.].

2023-10-09 18:40:04,697 INFO Save raft meta, path=/home/nacos/data/protocol/raft/naming_instance_metadata/meta-data, term=1, votedFor=172.22.0.6:7848, cost time=1 ms

2023-10-09 18:40:04,697 INFO Shutting down FSMCaller...

2023-10-09 18:40:04,697 INFO onShutdown.

2023-10-09 18:40:04,697 INFO ThreadPool is terminated: JRaft-RPC-Processor, com.alipay.sofa.jraft.util.MetricThreadPoolExecutor@39a5fb11[Shutting down, pool size = 0, active threads = 0, queued tasks = 0, completed tasks = 0].

2023-10-09 18:40:04,697 INFO ThreadPool is terminated: JRaft-Node-ScheduleThreadPool, com.alipay.sofa.jraft.util.MetricScheduledThreadPoolExecutor@343f73a5[Shutting down, pool size = 0, active threads = 0, queued tasks = 0, completed tasks = 0].

2023-10-09 18:40:04,697 INFO Destroy timer: RepeatedTimer{timeout=null, stopped=true, running=false, destroyed=true, invoking=false, timeoutMs=5000, name='JRaft-ElectionTimer-<naming_instance_metadata/172.22.0.6:7848>'}.

2023-10-09 18:40:04,697 INFO Destroy timer: RepeatedTimer{timeout=null, stopped=true, running=false, destroyed=true, invoking=false, timeoutMs=5000, name='JRaft-VoteTimer-<naming_instance_metadata/172.22.0.6:7848>'}.

2023-10-09 18:40:04,697 INFO Destroy timer: RepeatedTimer{timeout=null, stopped=true, running=false, destroyed=true, invoking=false, timeoutMs=2500, name='JRaft-StepDownTimer-<naming_instance_metadata/172.22.0.6:7848>'}.

2023-10-09 18:40:04,697 INFO Destroy timer: RepeatedTimer{timeout=null, stopped=true, running=false, destroyed=true, invoking=false, timeoutMs=1800000, name='JRaft-SnapshotTimer-<naming_instance_metadata/172.22.0.6:7848>'}.

2023-10-09 18:40:04,697 INFO The number of active nodes decrement to 1.

2023-10-09 18:40:04,704 INFO DB destroyed, the db path is: /home/nacos/data/protocol/raft/naming_service_metadata/log.

2023-10-09 18:40:04,705 INFO DB destroyed, the db path is: /home/nacos/data/protocol/raft/naming_instance_metadata/log.

2023-10-09 18:40:04,705 INFO Node <naming_instance_metadata/172.22.0.6:7848> shutdown, currTerm=1 state=STATE_SHUTDOWN.

2023-10-09 18:40:04,705 INFO Stop the RaftGroupService successfully.

2023-10-09 18:40:04,705 INFO Node <naming_persistent_service_v2/172.22.0.6:7848> shutdown, currTerm=1 state=STATE_LEADER.

2023-10-09 18:40:04,706 INFO Fail to find the next candidate.

2023-10-09 18:40:04,706 INFO onLeaderStop: status=Status[ESHUTDOWN<1007>: Raft node is going to quit.].

2023-10-09 18:40:04,707 INFO Save raft meta, path=/home/nacos/data/protocol/raft/naming_persistent_service_v2/meta-data, term=1, votedFor=172.22.0.6:7848, cost time=1 ms

2023-10-09 18:40:04,707 INFO Shutting down FSMCaller...

2023-10-09 18:40:04,707 INFO onShutdown.

2023-10-09 18:40:04,708 INFO ThreadPool is terminated: JRaft-RPC-Processor, com.alipay.sofa.jraft.util.MetricThreadPoolExecutor@76994bbe[Shutting down, pool size = 0, active threads = 0, queued tasks = 0, completed tasks = 0].

2023-10-09 18:40:04,708 INFO ThreadPool is terminated: JRaft-Node-ScheduleThreadPool, com.alipay.sofa.jraft.util.MetricScheduledThreadPoolExecutor@60724b0f[Shutting down, pool size = 0, active threads = 0, queued tasks = 0, completed tasks = 0].

2023-10-09 18:40:04,708 INFO The number of active nodes decrement to 0.

2023-10-09 18:40:04,710 INFO ThreadPool is terminated: JRaft-Global-ElectionTimer, com.alipay.sofa.jraft.util.MetricScheduledThreadPoolExecutor@2f8dd7a4[Shutting down, pool size = 0, active threads = 0, queued tasks = 0, completed tasks = 3].

2023-10-09 18:40:04,710 INFO Destroy timer: RepeatedTimer{timeout=null, stopped=true, running=false, destroyed=true, invoking=false, timeoutMs=5000, name='JRaft-ElectionTimer-<naming_persistent_service_v2/172.22.0.6:7848>'}.

2023-10-09 18:40:04,710 INFO ThreadPool is terminated: JRaft-Global-VoteTimer, com.alipay.sofa.jraft.util.MetricScheduledThreadPoolExecutor@5ac63d4e[Shutting down, pool size = 0, active threads = 0, queued tasks = 0, completed tasks = 3].

2023-10-09 18:40:04,710 INFO Destroy timer: RepeatedTimer{timeout=null, stopped=true, running=false, destroyed=true, invoking=false, timeoutMs=5000, name='JRaft-VoteTimer-<naming_persistent_service_v2/172.22.0.6:7848>'}.

2023-10-09 18:40:04,711 INFO ThreadPool is terminated: JRaft-Global-StepDownTimer, com.alipay.sofa.jraft.util.MetricScheduledThreadPoolExecutor@1295ac24[Shutting down, pool size = 0, active threads = 0, queued tasks = 0, completed tasks = 55617].

2023-10-09 18:40:04,711 INFO Destroy timer: RepeatedTimer{timeout=null, stopped=true, running=false, destroyed=true, invoking=false, timeoutMs=2500, name='JRaft-StepDownTimer-<naming_persistent_service_v2/172.22.0.6:7848>'}.

2023-10-09 18:40:04,711 INFO ThreadPool is terminated: JRaft-Global-SnapshotTimer, com.alipay.sofa.jraft.util.MetricScheduledThreadPoolExecutor@62e9f086[Shutting down, pool size = 1, active threads = 0, queued tasks = 0, completed tasks = 77].

2023-10-09 18:40:04,711 INFO Destroy timer: RepeatedTimer{timeout=null, stopped=true, running=false, destroyed=true, invoking=false, timeoutMs=1800000, name='JRaft-SnapshotTimer-<naming_persistent_service_v2/172.22.0.6:7848>'}.

2023-10-09 18:40:04,712 INFO Node <naming_persistent_service_v2/172.22.0.6:7848> shutdown, currTerm=1 state=STATE_SHUTTING.

2023-10-09 18:40:04,712 INFO Stop the RaftGroupService successfully.

2023-10-09 18:40:04,712 INFO Shutdown managed channel: 172.22.0.6:7848, ManagedChannelOrphanWrapper{delegate=ManagedChannelImpl{logId=10, target=172.22.0.6:7848}}.

2023-10-09 18:40:04,715 INFO The channel 172.22.0.6:7848 is in state: SHUTDOWN.

2023-10-09 18:40:04,715 WARN This channel 172.22.0.6:7848 has started shutting down. Any new RPCs should fail immediately.

2023-10-09 18:40:04,718 INFO DB destroyed, the db path is: /home/nacos/data/protocol/raft/naming_persistent_service_v2/log.

2023-10-09 18:40:04,721 INFO Connection disconnected: /172.22.0.6:55856

2023-10-09 18:40:04,726 INFO ThreadPool is terminated: JRaft-RPC-Processor, com.alipay.sofa.jraft.util.MetricThreadPoolExecutor@38d2f02b[Shutting down, pool size = 3, active threads = 0, queued tasks = 0, completed tasks = 42112].

