2023-10-02 09:16:57,975 INFO PERFORMANCE:|serviceCount|ipCount|subscribeCount|maxPushCost|avgPushCost|totalPushCount|failPushCount

2023-10-02 09:16:57,975 INFO DISTRO:|V1SyncDone|V1SyncFail|V2SyncDone|V2SyncFail|V2VerifyFail|

2023-10-02 09:16:57,975 INFO PERFORMANCE:|0|0|0|-1|-1|0|0

2023-10-02 09:16:57,976 INFO Task worker status: 
naming_0%4, pending tasks: 0
naming_1%4, pending tasks: 0
naming_2%4, pending tasks: 0
naming_3%4, pending tasks: 0


2023-10-02 09:16:57,977 INFO DISTRO:|0|0|0|

2023-10-02 09:17:57,977 INFO PERFORMANCE:|0|0|0|-1|-1|0|0

2023-10-02 09:17:57,977 INFO Task worker status: 
naming_0%4, pending tasks: 0
naming_1%4, pending tasks: 0
naming_2%4, pending tasks: 0
naming_3%4, pending tasks: 0


2023-10-02 09:17:57,977 INFO DISTRO:|0|0|0|

2023-10-02 09:18:57,979 INFO PERFORMANCE:|0|0|0|-1|-1|0|0

2023-10-02 09:18:57,979 INFO Task worker status: 
naming_0%4, pending tasks: 0
naming_1%4, pending tasks: 0
naming_2%4, pending tasks: 0
naming_3%4, pending tasks: 0


2023-10-02 09:18:57,979 INFO DISTRO:|0|0|0|

2023-10-02 09:19:57,979 INFO PERFORMANCE:|0|0|0|-1|-1|0|0

2023-10-02 09:19:57,979 INFO Task worker status: 
naming_0%4, pending tasks: 0
naming_1%4, pending tasks: 0
naming_2%4, pending tasks: 0
naming_3%4, pending tasks: 0


2023-10-02 09:19:57,979 INFO DISTRO:|0|0|0|

2023-10-02 09:20:57,979 INFO PERFORMANCE:|0|0|0|-1|-1|0|0

2023-10-02 09:20:57,980 INFO Task worker status: 
naming_0%4, pending tasks: 0
naming_1%4, pending tasks: 0
naming_2%4, pending tasks: 0
naming_3%4, pending tasks: 0


2023-10-02 09:20:57,980 INFO DISTRO:|0|0|0|

